0 info it worked if it ends with ok
1 verbose cli [
1 verbose cli   '/opt/homebrew/Cellar/node@18/18.20.8/bin/node',
1 verbose cli   '/usr/local/bin/npm',
1 verbose cli   'install',
1 verbose cli   'upgrade'
1 verbose cli ]
2 info using npm@3.10.9
3 info using node@v18.20.8
4 silly loadCurrentTree Starting
5 silly install loadCurrentTree
6 silly install readLocalPackageData
7 verbose stack TypeError: cb.apply is not a function
7 verbose stack     at /usr/local/lib/node_modules/npm/node_modules/graceful-fs/polyfills.js:267:18
7 verbose stack     at FSReqCallback.oncomplete (node:fs:203:5)
8 verbose cwd /Users/McKinsey/Desktop/devthings/dev_workspace
9 error Darwin 25.1.0
10 error argv "/opt/homebrew/Cellar/node@18/18.20.8/bin/node" "/usr/local/bin/npm" "install" "upgrade"
11 error node v18.20.8
12 error npm  v3.10.9
13 error cb.apply is not a function
14 error If you need help, you may report this error at:
14 error     <https://github.com/npm/npm/issues>
15 verbose exit [ 1, true ]
